Build target 'portable-clock'
compiling main.c...
usr\main.c(57): warning C151: pointer truncation: 'huge const' to 'code'
usr\main.c(96): warning C47: 'n': unreferenced local variable
usr\main.c(96): warning C47: 'i': unreferenced local variable
usr\main.c(96): warning C47: 'j': unreferenced local variable
usr\main.c(97): warning C47: 'sr': unreferenced local variable
usr\main.c(636): warning C47: 'dat': unreferenced local variable
linking...
*** WARNING L57: UNCALLED FUNCTION, IGNORED FOR OVERLAY PROCESS
    NAME:    LCDShowTest/main

*** WARNING L57: UNCALLED FUNCTION, IGNORED FOR OVERLAY PROCESS
    NAME:    CAN_config/main

*** WARNING L57: UNCALLED FUNCTION, IGNORED FOR OVERLAY PROCESS
    NAME:    CalculationPTC100Temperature/ntc_sampling

*** WARNING L57: UNCALLED FUNCTION, IGNORED FOR OVERLAY PROCESS
    NAME:    NVIC_DMA_ADC_Init/STC32G_NVIC

*** WARNING L57: UNCALLED FUNCTION, IGNORED FOR OVERLAY PROCESS
    NAME:    NVIC_DMA_M2M_Init/STC32G_NVIC

*** WARNING L57: UNCALLED FUNCTION, IGNORED FOR OVERLAY PROCESS
    NAME:    NVIC_DMA_LCM_Init/STC32G_NVIC

*** WARNING L57: UNCALLED FUNCTION, IGNORED FOR OVERLAY PROCESS
    NAME:    NVIC_INT0_Init/STC32G_NVIC

*** WARNING L57: UNCALLED FUNCTION, IGNORED FOR OVERLAY PROCESS
    NAME:    NVIC_INT1_Init/STC32G_NVIC

*** WARNING L57: UNCALLED FUNCTION, IGNORED FOR OVERLAY PROCESS
    NAME:    NVIC_INT2_Init/STC32G_NVIC

*** WARNING L57: UNCALLED FUNCTION, IGNORED FOR OVERLAY PROCESS
    NAME:    NVIC_INT3_Init/STC32G_NVIC

*** WARNING L57: UNCALLED FUNCTION, IGNORED FOR OVERLAY PROCESS
    NAME:    NVIC_DMA_SPI_Init/STC32G_NVIC

*** WARNING L57: UNCALLED FUNCTION, IGNORED FOR OVERLAY PROCESS
    NAME:    NVIC_INT4_Init/STC32G_NVIC

*** WARNING L57: UNCALLED FUNCTION, IGNORED FOR OVERLAY PROCESS
    NAME:    NVIC_Timer1_Init/STC32G_NVIC

*** WARNING L57: UNCALLED FUNCTION, IGNORED FOR OVERLAY PROCESS
    NAME:    NVIC_Timer2_Init/STC32G_NVIC

*** WARNING L57: UNCALLED FUNCTION, IGNORED FOR OVERLAY PROCESS
    NAME:    NVIC_Timer3_Init/STC32G_NVIC

*** WARNING L57: UNCALLED FUNCTION, IGNORED FOR OVERLAY PROCESS
    NAME:    NVIC_Timer4_Init/STC32G_NVIC

*** WARNING L57: UNCALLED FUNCTION, IGNORED FOR OVERLAY PROCESS
    NAME:    NVIC_I2C_Init/STC32G_NVIC

*** WARNING L57: UNCALLED FUNCTION, IGNORED FOR OVERLAY PROCESS
    NAME:    NVIC_DMA_I2CR_Init/STC32G_NVIC

*** WARNING L57: UNCALLED FUNCTION, IGNORED FOR OVERLAY PROCESS
    NAME:    NVIC_DMA_I2CT_Init/STC32G_NVIC

*** WARNING L57: UNCALLED FUNCTION, IGNORED FOR OVERLAY PROCESS
    NAME:    NVIC_DMA_UART1_Rx_Init/STC32G_NVIC

*** WARNING L57: UNCALLED FUNCTION, IGNORED FOR OVERLAY PROCESS
    NAME:    NVIC_DMA_UART2_Rx_Init/STC32G_NVIC

*** WARNING L57: UNCALLED FUNCTION, IGNORED FOR OVERLAY PROCESS
    NAME:    NVIC_DMA_UART3_Rx_Init/STC32G_NVIC

*** WARNING L57: UNCALLED FUNCTION, IGNORED FOR OVERLAY PROCESS
    NAME:    NVIC_DMA_UART1_Tx_Init/STC32G_NVIC

*** WARNING L57: UNCALLED FUNCTION, IGNORED FOR OVERLAY PROCESS
    NAME:    NVIC_DMA_UART4_Rx_Init/STC32G_NVIC

*** WARNING L57: UNCALLED FUNCTION, IGNORED FOR OVERLAY PROCESS
    NAME:    NVIC_DMA_UART2_Tx_Init/STC32G_NVIC

*** WARNING L57: UNCALLED FUNCTION, IGNORED FOR OVERLAY PROCESS
    NAME:    NVIC_DMA_UART3_Tx_Init/STC32G_NVIC

*** WARNING L57: UNCALLED FUNCTION, IGNORED FOR OVERLAY PROCESS
    NAME:    NVIC_DMA_UART4_Tx_Init/STC32G_NVIC

*** WARNING L57: UNCALLED FUNCTION, IGNORED FOR OVERLAY PROCESS
    NAME:    NVIC_LCM_Init/STC32G_NVIC

*** WARNING L57: UNCALLED FUNCTION, IGNORED FOR OVERLAY PROCESS
    NAME:    NVIC_LIN_Init/STC32G_NVIC

*** WARNING L57: UNCALLED FUNCTION, IGNORED FOR OVERLAY PROCESS
    NAME:    NVIC_SPI_Init/STC32G_NVIC

*** WARNING L57: UNCALLED FUNCTION, IGNORED FOR OVERLAY PROCESS
    NAME:    NVIC_UART2_Init/STC32G_NVIC

*** WARNING L57: UNCALLED FUNCTION, IGNORED FOR OVERLAY PROCESS
    NAME:    NVIC_UART3_Init/STC32G_NVIC

*** WARNING L57: UNCALLED FUNCTION, IGNORED FOR OVERLAY PROCESS
    NAME:    NVIC_UART4_Init/STC32G_NVIC

*** WARNING L57: UNCALLED FUNCTION, IGNORED FOR OVERLAY PROCESS
    NAME:    NVIC_PWM_Init/STC32G_NVIC

*** WARNING L57: UNCALLED FUNCTION, IGNORED FOR OVERLAY PROCESS
    NAME:    GPIO_Inilize/STC32G_GPIO

*** WARNING L57: UNCALLED FUNCTION, IGNORED FOR OVERLAY PROCESS
    NAME:    PrintString1/STC32G_UART

*** WARNING L57: UNCALLED FUNCTION, IGNORED FOR OVERLAY PROCESS
    NAME:    PrintString2/STC32G_UART

*** WARNING L57: UNCALLED FUNCTION, IGNORED FOR OVERLAY PROCESS
    NAME:    PrintString3/STC32G_UART

*** WARNING L57: UNCALLED FUNCTION, IGNORED FOR OVERLAY PROCESS
    NAME:    PrintString4/STC32G_UART

*** WARNING L57: UNCALLED FUNCTION, IGNORED FOR OVERLAY PROCESS
    NAME:    CanReadMsg/STC32G_CAN

*** WARNING L57: UNCALLED FUNCTION, IGNORED FOR OVERLAY PROCESS
    NAME:    CanSendMsg/STC32G_CAN

*** WARNING L57: UNCALLED FUNCTION, IGNORED FOR OVERLAY PROCESS
    NAME:    IRC32KClkConfig/STC32G_Clock

*** WARNING L57: UNCALLED FUNCTION, IGNORED FOR OVERLAY PROCESS
    NAME:    HIRCClkConfig/STC32G_Clock

*** WARNING L57: UNCALLED FUNCTION, IGNORED FOR OVERLAY PROCESS
    NAME:    XOSCClkConfig/STC32G_Clock

*** WARNING L57: UNCALLED FUNCTION, IGNORED FOR OVERLAY PROCESS
    NAME:    HSPllClkConfig/STC32G_Clock

*** WARNING L57: UNCALLED FUNCTION, IGNORED FOR OVERLAY PROCESS
    NAME:    EEPROM_SectorErase/STC32G_EEPROM

*** WARNING L57: UNCALLED FUNCTION, IGNORED FOR OVERLAY PROCESS
    NAME:    EEPROM_read_n/STC32G_EEPROM

*** WARNING L57: UNCALLED FUNCTION, IGNORED FOR OVERLAY PROCESS
    NAME:    EEPROM_write_n/STC32G_EEPROM

*** WARNING L57: UNCALLED FUNCTION, IGNORED FOR OVERLAY PROCESS
    NAME:    LCD_DrawTriangel/lcd

*** WARNING L57: UNCALLED FUNCTION, IGNORED FOR OVERLAY PROCESS
    NAME:    LCD_ShowFloatNum/lcd

*** WARNING L57: UNCALLED FUNCTION, IGNORED FOR OVERLAY PROCESS
    NAME:    LCD_ShowNum/lcd

*** WARNING L57: UNCALLED FUNCTION, IGNORED FOR OVERLAY PROCESS
    NAME:    LCD_DrawCircle/lcd

*** WARNING L57: UNCALLED FUNCTION, IGNORED FOR OVERLAY PROCESS
    NAME:    LCD_StrCenter/lcd

*** WARNING L57: UNCALLED FUNCTION, IGNORED FOR OVERLAY PROCESS
    NAME:    LCD_DrawRectangle/lcd

*** WARNING L57: UNCALLED FUNCTION, IGNORED FOR OVERLAY PROCESS
    NAME:    LCD_DrawFillRectangle/lcd

Program Size: data=10.5 edata+hdata=1591 xdata=0 const=12035 code=37385
creating hex file from ".\Objects\portable-clock"...
".\Objects\portable-clock" - 0 Error(s), 61 Warning(s).
Build Time Elapsed:  00:00:01
